[05/Sep/2025 07:44:19] "GET /api/products/random/?limit=5 HTTP/1.1" 200 562
[05/Sep/2025 07:44:23] "GET / HTTP/1.1" 404 179
[05/Sep/2025 07:44:25] "GET / HTTP/1.1" 404 179
[05/Sep/2025 07:44:26] "GET / HTTP/1.1" 404 179
[05/Sep/2025 07:44:26] "GET / HTTP/1.1" 404 179
[05/Sep/2025 07:44:26] "GET / HTTP/1.1" 404 179
[05/Sep/2025 07:44:27] "GET / HTTP/1.1" 404 179
Performing system checks...

System check identified no issues (0 silenced).
September 05, 2025 - 07:44:19
Django version 5.0.3, using settings 'backend.settings'
Starting development server at http://0.0.0.0:9000/
Quit the server with CONTROL-C.

[05/Sep/2025 07:44:45] "GET /api/products/random/?limit=5 HTTP/1.1" 200 7411
[05/Sep/2025 07:44:45] "GET /static/rest_framework/css/bootstrap-tweaks.ee4ee6acf9eb.css HTTP/1.1" 200 1282
[05/Sep/2025 07:44:45] "GET /static/rest_framework/css/bootstrap.min.f17d4516b026.css HTTP/1.1" 200 19657
[05/Sep/2025 07:44:45] "GET /static/rest_framework/css/default.789dfb5732d7.css HTTP/1.1" 200 612
[05/Sep/2025 07:44:45] "GET /static/rest_framework/js/csrf.455080a7b2ce.js HTTP/1.1" 200 827
[05/Sep/2025 07:44:45] "GET /static/rest_framework/css/prettify.a987f72342ee.css HTTP/1.1" 200 390
[05/Sep/2025 07:44:45] "GET /static/rest_framework/js/ajax-form.4e1cdcb7acab.js HTTP/1.1" 200 1645
[05/Sep/2025 07:44:45] "GET /static/rest_framework/js/prettify-min.709bfcc456c6.js HTTP/1.1" 200 6025
[05/Sep/2025 07:44:45] "GET /static/rest_framework/js/default.5b08897dbdc3.js HTTP/1.1" 200 571
[05/Sep/2025 07:44:45] "GET /static/rest_framework/js/load-ajax-form.8cdb3a9f3466.js HTTP/1.1" 200 59
[05/Sep/2025 07:44:45] "GET /static/rest_framework/js/bootstrap.min.2f34b630ffe3.js HTTP/1.1" 200 10896
[05/Sep/2025 07:44:45] "GET /static/rest_framework/js/jquery-3.7.1.min.2c872dbe60f4.js HTTP/1.1" 200 30336
[05/Sep/2025 07:44:46] "GET /static/rest_framework/img/grid.a4b938cf382b.png HTTP/1.1" 200 1458
[05/Sep/2025 07:51:10] "GET /api/products/ HTTP/1.1" 200 562
[05/Sep/2025 07:51:10] "GET /api/products/ HTTP/1.1" 200 562
[05/Sep/2025 07:53:00] "GET /api/products/ HTTP/1.1" 200 562
[05/Sep/2025 07:53:00] "GET /api/products/ HTTP/1.1" 200 562
[05/Sep/2025 07:53:05] "GET /api/products/random/?limit=5 HTTP/1.1" 200 7411
[05/Sep/2025 07:53:47] "GET /api/products/ HTTP/1.1" 200 562
[05/Sep/2025 07:53:47] "GET /api/products/ HTTP/1.1" 200 562
[05/Sep/2025 07:53:48] "GET /api/cart/ HTTP/1.1" 401 58
[05/Sep/2025 07:53:48] "GET /api/cart/ HTTP/1.1" 401 58
[05/Sep/2025 07:54:24] "OPTIONS /api/auth/register/ HTTP/1.1" 200 0
[05/Sep/2025 07:54:24] "POST /api/auth/register/ HTTP/1.1" 201 199
[05/Sep/2025 07:54:40] "OPTIONS /api/auth/token/ HTTP/1.1" 200 0
[05/Sep/2025 07:54:40] "POST /api/auth/token/ HTTP/1.1" 200 483
[05/Sep/2025 07:54:40] "OPTIONS /api/products/ HTTP/1.1" 200 0
[05/Sep/2025 07:54:40] "OPTIONS /api/products/ HTTP/1.1" 200 0
[05/Sep/2025 07:54:40] "GET /api/products/ HTTP/1.1" 200 562
[05/Sep/2025 07:54:40] "GET /api/products/ HTTP/1.1" 200 562
[05/Sep/2025 07:54:46] "OPTIONS /api/profile/ HTTP/1.1" 200 0
[05/Sep/2025 07:54:46] "OPTIONS /api/profile/ HTTP/1.1" 200 0
[05/Sep/2025 07:54:46] "GET /api/profile/ HTTP/1.1" 200 199
[05/Sep/2025 07:54:46] "GET /api/profile/ HTTP/1.1" 200 199
[05/Sep/2025 07:54:49] "OPTIONS /api/orders/ HTTP/1.1" 200 0
[05/Sep/2025 07:54:49] "OPTIONS /api/orders/ HTTP/1.1" 200 0
[05/Sep/2025 07:54:49] "GET /api/orders/ HTTP/1.1" 200 2
[05/Sep/2025 07:54:49] "GET /api/orders/ HTTP/1.1" 200 2
[05/Sep/2025 07:54:51] "OPTIONS /api/cart/ HTTP/1.1" 200 0
[05/Sep/2025 07:54:51] "OPTIONS /api/cart/ HTTP/1.1" 200 0
[05/Sep/2025 07:54:51] "GET /api/cart/ HTTP/1.1" 200 2
[05/Sep/2025 07:54:51] "GET /api/cart/ HTTP/1.1" 200 2
[05/Sep/2025 07:54:52] "GET /api/products/ HTTP/1.1" 200 562
[05/Sep/2025 07:54:52] "GET /api/products/ HTTP/1.1" 200 562
[05/Sep/2025 07:54:53] "OPTIONS /api/products/3/ HTTP/1.1" 200 0
[05/Sep/2025 07:54:53] "OPTIONS /api/products/3/ HTTP/1.1" 200 0
[05/Sep/2025 07:54:53] "GET /api/products/3/ HTTP/1.1" 200 185
[05/Sep/2025 07:54:53] "GET /api/products/3/ HTTP/1.1" 200 185
[05/Sep/2025 07:54:59] "POST /api/cart/ HTTP/1.1" 201 258
[05/Sep/2025 07:54:59] "GET /api/cart/ HTTP/1.1" 200 260
[05/Sep/2025 07:54:59] "GET /api/cart/ HTTP/1.1" 200 260
[05/Sep/2025 07:55:03] "GET /api/orders/ HTTP/1.1" 200 2
[05/Sep/2025 07:55:03] "GET /api/orders/ HTTP/1.1" 200 2
[05/Sep/2025 07:55:04] "GET /api/products/ HTTP/1.1" 200 562
[05/Sep/2025 07:55:04] "GET /api/products/ HTTP/1.1" 200 562
[05/Sep/2025 07:58:50] "GET /api/products/ HTTP/1.1" 200 583
[05/Sep/2025 07:58:50] "GET /api/products/ HTTP/1.1" 200 583
[05/Sep/2025 07:58:55] "GET /api/products/ HTTP/1.1" 200 583
[05/Sep/2025 07:58:55] "GET /api/products/ HTTP/1.1" 200 583
[05/Sep/2025 07:59:33] "GET /api/products/ HTTP/1.1" 200 583
[05/Sep/2025 07:59:41] "GET /api/products/ HTTP/1.1" 200 583
[05/Sep/2025 07:59:41] "GET /api/products/ HTTP/1.1" 200 583
[05/Sep/2025 07:59:43] "GET /api/products/ HTTP/1.1" 200 583
[05/Sep/2025 07:59:43] "GET /api/products/ HTTP/1.1" 200 583
[05/Sep/2025 08:00:05] "GET /api/products/ HTTP/1.1" 200 587
[05/Sep/2025 08:00:08] "GET /api/products/ HTTP/1.1" 200 587
[05/Sep/2025 08:00:08] "GET /api/products/ HTTP/1.1" 200 587
[05/Sep/2025 08:03:22] "GET /admin%20(user:%20admin%20/%20pass:%20admin123) HTTP/1.1" 404 179
[05/Sep/2025 08:03:25] "GET /admin%20(user:%20admin%20/%20pass:%20admin123) HTTP/1.1" 404 179
[05/Sep/2025 08:03:25] "GET /admin%20(user:%20admin%20/%20pass:%20admin123) HTTP/1.1" 404 179
[05/Sep/2025 08:03:25] "GET /admin%20(user:%20admin%20/%20pass:%20admin123) HTTP/1.1" 404 179
[05/Sep/2025 08:03:26] "GET /admin%20(user:%20admin%20/%20pass:%20admin123) HTTP/1.1" 404 179
[05/Sep/2025 08:03:26] "GET /admin%20(user:%20admin%20/%20pass:%20admin123) HTTP/1.1" 404 179
[05/Sep/2025 08:03:26] "GET /admin%20(user:%20admin%20/%20pass:%20admin123) HTTP/1.1" 404 179
[05/Sep/2025 08:03:26] "GET /admin%20(user:%20admin%20/%20pass:%20admin123) HTTP/1.1" 404 179
[05/Sep/2025 08:03:26] "GET /admin%20(user:%20admin%20/%20pass:%20admin123) HTTP/1.1" 404 179
[05/Sep/2025 08:03:27] "GET /admin%20(user:%20admin%20/%20pass:%20admin123) HTTP/1.1" 404 179
[05/Sep/2025 08:03:27] "GET /admin%20(user:%20admin%20/%20pass:%20admin123) HTTP/1.1" 404 179
[05/Sep/2025 08:03:33] "GET /admin%20(user:%20admin%20/%20pass:%20admin123) HTTP/1.1" 404 179
[05/Sep/2025 08:09:49] "GET /api/products/ HTTP/1.1" 200 587
[05/Sep/2025 08:09:49] "GET /api/products/ HTTP/1.1" 200 587
[05/Sep/2025 09:52:08] "GET /api/products/ HTTP/1.1" 401 183
[05/Sep/2025 09:52:08] "GET /api/products/ HTTP/1.1" 401 183
[05/Sep/2025 10:01:46] "GET /api/products/ HTTP/1.1" 401 183
[05/Sep/2025 10:01:46] "GET /api/products/ HTTP/1.1" 401 183
[05/Sep/2025 10:01:47] "GET /api/cart/ HTTP/1.1" 401 183
[05/Sep/2025 10:01:47] "GET /api/cart/ HTTP/1.1" 401 183
[05/Sep/2025 10:01:47] "OPTIONS /api/auth/token/refresh/ HTTP/1.1" 200 0
[05/Sep/2025 10:01:47] "OPTIONS /api/auth/token/refresh/ HTTP/1.1" 200 0
[05/Sep/2025 10:01:47] "POST /api/auth/token/refresh/ HTTP/1.1" 200 241
[05/Sep/2025 10:01:47] "POST /api/auth/token/refresh/ HTTP/1.1" 200 241
[05/Sep/2025 10:01:47] "GET /api/cart/ HTTP/1.1" 401 183
[05/Sep/2025 10:01:47] "GET /api/cart/ HTTP/1.1" 401 183
[05/Sep/2025 10:01:49] "GET /api/orders/ HTTP/1.1" 200 2
[05/Sep/2025 10:01:49] "GET /api/orders/ HTTP/1.1" 200 2
[05/Sep/2025 10:01:50] "GET /api/profile/ HTTP/1.1" 200 199
[05/Sep/2025 10:01:50] "GET /api/profile/ HTTP/1.1" 200 199
[05/Sep/2025 10:01:52] "GET /api/products/ HTTP/1.1" 200 587
[05/Sep/2025 10:01:52] "GET /api/products/ HTTP/1.1" 200 587
[05/Sep/2025 10:07:57] "OPTIONS /api/products/ HTTP/1.1" 200 0
[05/Sep/2025 10:07:57] "OPTIONS /api/products/ HTTP/1.1" 200 0
[05/Sep/2025 10:07:58] "GET /api/products/ HTTP/1.1" 200 435
[05/Sep/2025 10:07:58] "GET /api/products/ HTTP/1.1" 200 435
